samples/build/outputs/logs/manifest-merger-debug-report.txt
-- Merging decision tree log ---
manifest
ADDED from src\main\AndroidManifest.xml:2:1-28:12
INJECTED from src\main\AndroidManifest.xml:2:1-28:12
INJECTED from src\main\AndroidManifest.xml:2:1-28:12
INJECTED from src\main\AndroidManifest.xml:2:1-28:12
MERGED from [:commons] AndroidManifest.xml:2:1-22:12
MERGED from [com.android.support:design:27.0.2] AndroidManifest.xml:17:1-22:12
MERGED from [com.andrognito.patternlockview:patternlockview:1.0.0] AndroidManifest.xml:2:1-12:12
MERGED from [com.bignerdranch.android:recyclerview-multiselect:0.2] AndroidManifest.xml:2:1-11:12
MERGED from [com.android.support:appcompat-v7:27.0.2] AndroidManifest.xml:17:1-22:12
MERGED from [com.github.bumptech.glide:glide:4.5.0] AndroidManifest.xml:2:1-13:12
MERGED from [com.booking:rtlviewpager:1.0.1] AndroidManifest.xml:2:1-12:12
MERGED from [com.github.ajalt.reprint:core:3.2.0] AndroidManifest.xml:2:1-11:12
MERGED from [com.android.support:support-v4:27.0.2] AndroidManifest.xml:17:1-22:12
MERGED from [com.android.support:recyclerview-v7:27.0.2] AndroidManifest.xml:17:1-22:12
MERGED from [com.android.support:transition:27.0.2] AndroidManifest.xml:17:1-22:12
MERGED from [com.android.support:support-fragment:27.0.2] AndroidManifest.xml:17:1-22:12
MERGED from [com.github.bumptech.glide:gifdecoder:4.5.0] AndroidManifest.xml:2:1-11:12
MERGED from [com.android.support:animated-vector-drawable:27.0.2] AndroidManifest.xml:17:1-22:12
MERGED from [com.android.support:support-core-ui:27.0.2] AndroidManifest.xml:17:1-22:12
MERGED from [com.android.support:support-core-utils:27.0.2] AndroidManifest.xml:17:1-22:12
MERGED from [com.android.support:support-media-compat:27.0.2] AndroidManifest.xml:17:1-22:12
MERGED from [com.android.support:support-vector-drawable:27.0.2] AndroidManifest.xml:17:1-22:12
MERGED from [com.android.support:support-compat:27.0.2] AndroidManifest.xml:17:1-22:12
MERGED from [android.arch.lifecycle:runtime:1.0.3] AndroidManifest.xml:17:1-24:12
INJECTED from src\main\AndroidManifest.xml:2:1-28:12
INJECTED from src\main\AndroidManifest.xml:2:1-28:12
INJECTED from src\main\AndroidManifest.xml:2:1-28:12
	package
		ADDED from src\main\AndroidManifest.xml:3:11-50
		INJECTED from src\main\AndroidManifest.xml
		INJECTED from src\main\AndroidManifest.xml
	android:versionName
		INJECTED from src\main\AndroidManifest.xml
		ADDED from src\main\AndroidManifest.xml:2:1-28:12
		INJECTED from src\main\AndroidManifest.xml
	android:versionCode
		INJECTED from src\main\AndroidManifest.xml
		ADDED from src\main\AndroidManifest.xml:2:1-28:12
		INJECTED from src\main\AndroidManifest.xml
	xmlns:android
		ADDED from src\main\AndroidManifest.xml:2:11-69
uses-permission#android.permission.WRITE_EXTERNAL_STORAGE
ADDED from src\main\AndroidManifest.xml:5:5-80
	android:name
		ADDED from src\main\AndroidManifest.xml:5:22-78
application
ADDED from src\main\AndroidManifest.xml:7:5-27:19
MERGED from [:commons] AndroidManifest.xml:11:5-20:19
MERGED from [:commons] AndroidManifest.xml:11:5-20:19
MERGED from [com.bignerdranch.android:recyclerview-multiselect:0.2] AndroidManifest.xml:9:5-20
MERGED from [com.bignerdranch.android:recyclerview-multiselect:0.2] AndroidManifest.xml:9:5-20
MERGED from [com.github.bumptech.glide:glide:4.5.0] AndroidManifest.xml:11:5-20
MERGED from [com.github.bumptech.glide:glide:4.5.0] AndroidManifest.xml:11:5-20
MERGED from [com.github.bumptech.glide:gifdecoder:4.5.0] AndroidManifest.xml:9:5-20
MERGED from [com.github.bumptech.glide:gifdecoder:4.5.0] AndroidManifest.xml:9:5-20
	android:supportsRtl
		ADDED from src\main\AndroidManifest.xml:12:9-35
	android:label
		ADDED from src\main\AndroidManifest.xml:11:9-47
	android:icon
		ADDED from src\main\AndroidManifest.xml:10:9-48
	android:allowBackup
		ADDED from src\main\AndroidManifest.xml:9:9-35
	android:theme
		ADDED from src\main\AndroidManifest.xml:13:9-40
	android:name
		ADDED from src\main\AndroidManifest.xml:8:9-57
activity#com.julioapps.commons.samples.activities.MainActivity
ADDED from src\main\AndroidManifest.xml:14:9-20:20
	android:name
		ADDED from src\main\AndroidManifest.xml:14:19-87
intent-filter#android.intent.action.MAIN+android.intent.category.LAUNCHER
ADDED from src\main\AndroidManifest.xml:15:13-19:29
action#android.intent.action.MAIN
ADDED from src\main\AndroidManifest.xml:16:17-68
	android:name
		ADDED from src\main\AndroidManifest.xml:16:25-66
category#android.intent.category.LAUNCHER
ADDED from src\main\AndroidManifest.xml:18:17-76
	android:name
		ADDED from src\main\AndroidManifest.xml:18:27-74
activity#com.julioapps.commons.activities.AboutActivity
ADDED from src\main\AndroidManifest.xml:21:9-22:76
	android:name
		ADDED from src\main\AndroidManifest.xml:22:13-74
activity#com.julioapps.commons.activities.LicenseActivity
ADDED from src\main\AndroidManifest.xml:23:9-24:78
	android:name
		ADDED from src\main\AndroidManifest.xml:24:13-76
activity#com.julioapps.commons.activities.CustomizationActivity
ADDED from src\main\AndroidManifest.xml:25:9-26:84
	android:name
		ADDED from src\main\AndroidManifest.xml:26:13-82
uses-sdk
INJECTED from src\main\AndroidManifest.xml reason: use-sdk injection requested
INJECTED from src\main\AndroidManifest.xml
INJECTED from src\main\AndroidManifest.xml
MERGED from [:commons] AndroidManifest.xml:7:5-9:41
MERGED from [:commons] AndroidManifest.xml:7:5-9:41
MERGED from [com.android.support:design:27.0.2] AndroidManifest.xml:20:5-44
MERGED from [com.android.support:design:27.0.2] AndroidManifest.xml:20:5-44
MERGED from [com.andrognito.patternlockview:patternlockview:1.0.0] AndroidManifest.xml:8:5-10:41
MERGED from [com.andrognito.patternlockview:patternlockview:1.0.0] AndroidManifest.xml:8:5-10:41
MERGED from [com.bignerdranch.android:recyclerview-multiselect:0.2] AndroidManifest.xml:5:5-7:41
MERGED from [com.bignerdranch.android:recyclerview-multiselect:0.2] AndroidManifest.xml:5:5-7:41
MERGED from [com.android.support:appcompat-v7:27.0.2] AndroidManifest.xml:20:5-44
MERGED from [com.android.support:appcompat-v7:27.0.2] AndroidManifest.xml:20:5-44
MERGED from [com.github.bumptech.glide:glide:4.5.0] AndroidManifest.xml:7:5-9:41
MERGED from [com.github.bumptech.glide:glide:4.5.0] AndroidManifest.xml:7:5-9:41
MERGED from [com.booking:rtlviewpager:1.0.1] AndroidManifest.xml:8:5-10:41
MERGED from [com.booking:rtlviewpager:1.0.1] AndroidManifest.xml:8:5-10:41
MERGED from [com.github.ajalt.reprint:core:3.2.0] AndroidManifest.xml:7:5-44
MERGED from [com.github.ajalt.reprint:core:3.2.0] AndroidManifest.xml:7:5-44
MERGED from [com.android.support:support-v4:27.0.2] AndroidManifest.xml:20:5-44
MERGED from [com.android.support:support-v4:27.0.2] AndroidManifest.xml:20:5-44
MERGED from [com.android.support:recyclerview-v7:27.0.2] AndroidManifest.xml:20:5-44
MERGED from [com.android.support:recyclerview-v7:27.0.2] AndroidManifest.xml:20:5-44
MERGED from [com.android.support:transition:27.0.2] AndroidManifest.xml:20:5-44
MERGED from [com.android.support:transition:27.0.2] AndroidManifest.xml:20:5-44
MERGED from [com.android.support:support-fragment:27.0.2] AndroidManifest.xml:20:5-44
MERGED from [com.android.support:support-fragment:27.0.2] AndroidManifest.xml:20:5-44
MERGED from [com.github.bumptech.glide:gifdecoder:4.5.0] AndroidManifest.xml:5:5-7:41
MERGED from [com.github.bumptech.glide:gifdecoder:4.5.0] AndroidManifest.xml:5:5-7:41
MERGED from [com.android.support:animated-vector-drawable:27.0.2] AndroidManifest.xml:20:5-44
MERGED from [com.android.support:animated-vector-drawable:27.0.2] AndroidManifest.xml:20:5-44
MERGED from [com.android.support:support-core-ui:27.0.2] AndroidManifest.xml:20:5-44
MERGED from [com.android.support:support-core-ui:27.0.2] AndroidManifest.xml:20:5-44
MERGED from [com.android.support:support-core-utils:27.0.2] AndroidManifest.xml:20:5-44
MERGED from [com.android.support:support-core-utils:27.0.2] AndroidManifest.xml:20:5-44
MERGED from [com.android.support:support-media-compat:27.0.2] AndroidManifest.xml:20:5-44
MERGED from [com.android.support:support-media-compat:27.0.2] AndroidManifest.xml:20:5-44
MERGED from [com.android.support:support-vector-drawable:27.0.2] AndroidManifest.xml:20:5-44
MERGED from [com.android.support:support-vector-drawable:27.0.2] AndroidManifest.xml:20:5-44
MERGED from [com.android.support:support-compat:27.0.2] AndroidManifest.xml:20:5-44
MERGED from [com.android.support:support-compat:27.0.2] AndroidManifest.xml:20:5-44
MERGED from [android.arch.lifecycle:runtime:1.0.3] AndroidManifest.xml:20:5-22:41
MERGED from [android.arch.lifecycle:runtime:1.0.3] AndroidManifest.xml:20:5-22:41
INJECTED from src\main\AndroidManifest.xml
INJECTED from src\main\AndroidManifest.xml
	android:targetSdkVersion
		INJECTED from src\main\AndroidManifest.xml
		ADDED from src\main\AndroidManifest.xml
		INJECTED from src\main\AndroidManifest.xml
	android:minSdkVersion
		INJECTED from src\main\AndroidManifest.xml
		ADDED from src\main\AndroidManifest.xml
		INJECTED from src\main\AndroidManifest.xml
receiver#com.julioapps.commons.receivers.SharedThemeReceiver
ADDED from [:commons] AndroidManifest.xml:12:9-19:20
	android:exported
		ADDED from [:commons] AndroidManifest.xml:14:13-36
	android:name
		ADDED from [:commons] AndroidManifest.xml:13:13-79
intent-filter#com.julioapps.commons.SHARED_THEME_ACTIVATED+com.julioapps.commons.SHARED_THEME_UPDATED
ADDED from [:commons] AndroidManifest.xml:15:13-18:29
action#com.julioapps.commons.SHARED_THEME_ACTIVATED
ADDED from [:commons] AndroidManifest.xml:16:17-87
	android:name
		ADDED from [:commons] AndroidManifest.xml:16:25-84
action#com.julioapps.commons.SHARED_THEME_UPDATED
ADDED from [:commons] AndroidManifest.xml:17:17-85
	android:name
		ADDED from [:commons] AndroidManifest.xml:17:25-82
uses-permission#android.permission.USE_FINGERPRINT
ADDED from [com.github.ajalt.reprint:core:3.2.0] AndroidManifest.xml:9:5-74
	android:name
		ADDED from [com.github.ajalt.reprint:core:3.2.0] AndroidManifest.xml:9:22-71